# JRE version: 7.0_21-b11
# Java VM: Java HotSpot(TM) 64-Bit Server VM (23.21-b01 mixed mode windows-amd64 compressed oops)
Heap
 PSYoungGen      total 106432K, used 11485K [0x00000007c0160000, 0x00000007ceb60000, 0x0000000800000000)
  eden space 98304K, 3% used [0x00000007c0160000,0x00000007c04af520,0x00000007c6160000)
  from space 8128K, 99% used [0x00000007c6160000,0x00000007c6948080,0x00000007c6950000)
  to   space 21504K, 0% used [0x00000007cd660000,0x00000007cd660000,0x00000007ceb60000)
 ParOldGen       total 130944K, used 18677K [0x0000000740400000, 0x00000007483e0000, 0x00000007c0160000)
  object space 130944K, 14% used [0x0000000740400000,0x000000074163d428,0x00000007483e0000)
 PSPermGen       total 21248K, used 17802K [0x000000073b200000, 0x000000073c6c0000, 0x0000000740400000)
  object space 21248K, 83% used [0x000000073b200000,0x000000073c362a40,0x000000073c6c0000)
GC Heap History (10 events):
Event: 2.626 GC heap before
{Heap before GC invocations=1 (full 0):
 PSYoungGen      total 57280K, used 49152K [0x00000007c0160000, 0x00000007c4140000, 0x0000000800000000)
  eden space 49152K, 100% used [0x00000007c0160000,0x00000007c3160000,0x00000007c3160000)
  from space 8128K, 0% used [0x00000007c3950000,0x00000007c3950000,0x00000007c4140000)
  to   space 8128K, 0% used [0x00000007c3160000,0x00000007c3160000,0x00000007c3950000)
 ParOldGen       total 130944K, used 0K [0x0000000740400000, 0x00000007483e0000, 0x00000007c0160000)
  object space 130944K, 0% used [0x0000000740400000,0x0000000740400000,0x00000007483e0000)
 PSPermGen       total 21248K, used 14493K [0x000000073b200000, 0x000000073c6c0000, 0x0000000740400000)
  object space 21248K, 68% used [0x000000073b200000,0x000000073c0277c0,0x000000073c6c0000)
Event: 2.630 GC heap after
Heap after GC invocations=1 (full 0):
 PSYoungGen      total 57280K, used 2496K [0x00000007c0160000, 0x00000007c4140000, 0x0000000800000000)
  eden space 49152K, 0% used [0x00000007c0160000,0x00000007c0160000,0x00000007c3160000)
  from space 8128K, 30% used [0x00000007c3160000,0x00000007c33d0040,0x00000007c3950000)
  to   space 8128K, 0% used [0x00000007c3950000,0x00000007c3950000,0x00000007c4140000)
 ParOldGen       total 130944K, used 8K [0x0000000740400000, 0x00000007483e0000, 0x00000007c0160000)
  object space 130944K, 0% used [0x0000000740400000,0x0000000740402000,0x00000007483e0000)
 PSPermGen       total 21248K, used 14493K [0x000000073b200000, 0x000000073c6c0000, 0x0000000740400000)
  object space 21248K, 68% used [0x000000073b200000,0x000000073c0277c0,0x000000073c6c0000)
}
Event: 2.660 GC heap before
{Heap before GC invocations=2 (full 0):
 PSYoungGen      total 57280K, used 51648K [0x00000007c0160000, 0x00000007c4140000, 0x0000000800000000)
  eden space 49152K, 100% used [0x00000007c0160000,0x00000007c3160000,0x00000007c3160000)
  from space 8128K, 30% used [0x00000007c3160000,0x00000007c33d0040,0x00000007c3950000)
  to   space 8128K, 0% used [0x00000007c3950000,0x00000007c3950000,0x00000007c4140000)
 ParOldGen       total 130944K, used 8K [0x0000000740400000, 0x00000007483e0000, 0x00000007c0160000)
  object space 130944K, 0% used [0x0000000740400000,0x0000000740402000,0x00000007483e0000)
 PSPermGen       total 21248K, used 14505K [0x000000073b200000, 0x000000073c6c0000, 0x0000000740400000)
  object space 21248K, 68% used [0x000000073b200000,0x000000073c02a458,0x000000073c6c0000)
Event: 2.663 GC heap after
Heap after GC invocations=2 (full 0):
 PSYoungGen      total 57280K, used 2544K [0x00000007c0160000, 0x00000007c7140000, 0x0000000800000000)
  eden space 49152K, 0% used [0x00000007c0160000,0x00000007c0160000,0x00000007c3160000)
  from space 8128K, 31% used [0x00000007c3950000,0x00000007c3bcc030,0x00000007c4140000)
  to   space 8128K, 0% used [0x00000007c3160000,0x00000007c3160000,0x00000007c3950000)
 ParOldGen       total 130944K, used 16K [0x0000000740400000, 0x00000007483e0000, 0x00000007c0160000)
  object space 130944K, 0% used [0x0000000740400000,0x0000000740404000,0x00000007483e0000)
 PSPermGen       total 21248K, used 14505K [0x000000073b200000, 0x000000073c6c0000, 0x0000000740400000)
  object space 21248K, 68% used [0x000000073b200000,0x000000073c02a458,0x000000073c6c0000)
}
Event: 5.168 GC heap before
{Heap before GC invocations=3 (full 0):
 PSYoungGen      total 57280K, used 51696K [0x00000007c0160000, 0x00000007c7140000, 0x0000000800000000)
  eden space 49152K, 100% used [0x00000007c0160000,0x00000007c3160000,0x00000007c3160000)
  from space 8128K, 31% used [0x00000007c3950000,0x00000007c3bcc030,0x00000007c4140000)
  to   space 8128K, 0% used [0x00000007c3160000,0x00000007c3160000,0x00000007c3950000)
 ParOldGen       total 130944K, used 16K [0x0000000740400000, 0x00000007483e0000, 0x00000007c0160000)
  object space 130944K, 0% used [0x0000000740400000,0x0000000740404000,0x00000007483e0000)
 PSPermGen       total 21248K, used 17191K [0x000000073b200000, 0x000000073c6c0000, 0x0000000740400000)
  object space 21248K, 80% used [0x000000073b200000,0x000000073c2c9cb0,0x000000073c6c0000)
Event: 5.178 GC heap after
Heap after GC invocations=3 (full 0):
 PSYoungGen      total 57280K, used 7204K [0x00000007c0160000, 0x00000007c7140000, 0x0000000800000000)
  eden space 49152K, 0% used [0x00000007c0160000,0x00000007c0160000,0x00000007c3160000)
  from space 8128K, 88% used [0x00000007c3160000,0x00000007c38691a0,0x00000007c3950000)
  to   space 8128K, 0% used [0x00000007c6950000,0x00000007c6950000,0x00000007c7140000)
 ParOldGen       total 130944K, used 24K [0x0000000740400000, 0x00000007483e0000, 0x00000007c0160000)
  object space 130944K, 0% used [0x0000000740400000,0x0000000740406000,0x00000007483e0000)
 PSPermGen       total 21248K, used 17191K [0x000000073b200000, 0x000000073c6c0000, 0x0000000740400000)
  object space 21248K, 80% used [0x000000073b200000,0x000000073c2c9cb0,0x000000073c6c0000)
}
Event: 5.230 GC heap before
{Heap before GC invocations=4 (full 0):
 PSYoungGen      total 57280K, used 56356K [0x00000007c0160000, 0x00000007c7140000, 0x0000000800000000)
  eden space 49152K, 100% used [0x00000007c0160000,0x00000007c3160000,0x00000007c3160000)
  from space 8128K, 88% used [0x00000007c3160000,0x00000007c38691a0,0x00000007c3950000)
  to   space 8128K, 0% used [0x00000007c6950000,0x00000007c6950000,0x00000007c7140000)
 ParOldGen       total 130944K, used 24K [0x0000000740400000, 0x00000007483e0000, 0x00000007c0160000)
  object space 130944K, 0% used [0x0000000740400000,0x0000000740406000,0x00000007483e0000)
 PSPermGen       total 21248K, used 17202K [0x000000073b200000, 0x000000073c6c0000, 0x0000000740400000)
  object space 21248K, 80% used [0x000000073b200000,0x000000073c2ccba0,0x000000073c6c0000)
Event: 5.235 GC heap after
Heap after GC invocations=4 (full 0):
 PSYoungGen      total 106432K, used 3728K [0x00000007c0160000, 0x00000007c7140000, 0x0000000800000000)
  eden space 98304K, 0% used [0x00000007c0160000,0x00000007c0160000,0x00000007c6160000)
  from space 8128K, 45% used [0x00000007c6950000,0x00000007c6cf4010,0x00000007c7140000)
  to   space 8128K, 0% used [0x00000007c6160000,0x00000007c6160000,0x00000007c6950000)
 ParOldGen       total 130944K, used 32K [0x0000000740400000, 0x00000007483e0000, 0x00000007c0160000)
  object space 130944K, 0% used [0x0000000740400000,0x0000000740408000,0x00000007483e0000)
 PSPermGen       total 21248K, used 17202K [0x000000073b200000, 0x000000073c6c0000, 0x0000000740400000)
  object space 21248K, 80% used [0x000000073b200000,0x000000073c2ccba0,0x000000073c6c0000)
}
Event: 14.204 GC heap before
{Heap before GC invocations=5 (full 0):
 PSYoungGen      total 106432K, used 102032K [0x00000007c0160000, 0x00000007c7140000, 0x0000000800000000)
  eden space 98304K, 100% used [0x00000007c0160000,0x00000007c6160000,0x00000007c6160000)
  from space 8128K, 45% used [0x00000007c6950000,0x00000007c6cf4010,0x00000007c7140000)
  to   space 8128K, 0% used [0x00000007c6160000,0x00000007c6160000,0x00000007c6950000)
 ParOldGen       total 130944K, used 32K [0x0000000740400000, 0x00000007483e0000, 0x00000007c0160000)
  object space 130944K, 0% used [0x0000000740400000,0x0000000740408000,0x00000007483e0000)
 PSPermGen       total 21248K, used 17798K [0x000000073b200000, 0x000000073c6c0000, 0x0000000740400000)
  object space 21248K, 83% used [0x000000073b200000,0x000000073c361888,0x000000073c6c0000)
Event: 14.243 GC heap after
Heap after GC invocations=5 (full 0):
 PSYoungGen      total 106432K, used 8096K [0x00000007c0160000, 0x00000007ceb60000, 0x0000000800000000)
  eden space 98304K, 0% used [0x00000007c0160000,0x00000007c0160000,0x00000007c6160000)
  from space 8128K, 99% used [0x00000007c6160000,0x00000007c6948080,0x00000007c6950000)
  to   space 21504K, 0% used [0x00000007cd660000,0x00000007cd660000,0x00000007ceb60000)
 ParOldGen       total 130944K, used 18677K [0x0000000740400000, 0x00000007483e0000, 0x00000007c0160000)
  object space 130944K, 14% used [0x0000000740400000,0x000000074163d428,0x00000007483e0000)
 PSPermGen       total 21248K, used 17798K [0x000000073b200000, 0x000000073c6c0000, 0x0000000740400000)
  object space 21248K, 83% used [0x000000073b200000,0x000000073c361888,0x000000073c6c0000)
}

