# JRE version: Java(TM) SE Runtime Environment (8.0_92-b14) (build 1.8.0_92-b14)
# Java VM: Java HotSpot(TM) 64-Bit Server VM (25.92-b14 mixed mode windows-amd64 compressed oops)
Heap:
 PSYoungGen      total 560128K, used 312232K [0x000000076ac00000, 0x00000007af100000, 0x00000007c0000000)
  eden space 521728K, 54% used [0x000000076ac00000,0x000000077c15dff0,0x000000078a980000)
  from space 38400K, 73% used [0x000000078a980000,0x000000078c50c1d0,0x000000078cf00000)
  to   space 37888K, 0% used [0x00000007acc00000,0x00000007acc00000,0x00000007af100000)
 ParOldGen       total 175104K, used 100819K [0x00000006c0400000, 0x00000006caf00000, 0x000000076ac00000)
  object space 175104K, 57% used [0x00000006c0400000,0x00000006c6674ce0,0x00000006caf00000)
 Metaspace       used 15986K, capacity 16213K, committed 16384K, reserved 1062912K
  class space    used 1896K, capacity 1965K, committed 2048K, reserved 1048576K
GC Heap History (10 events):
Event: 6.769 GC heap before
{Heap before GC invocations=3 (full 0):
 PSYoungGen      total 141824K, used 141058K [0x000000076ac00000, 0x0000000774100000, 0x00000007c0000000)
  eden space 131072K, 99% used [0x000000076ac00000,0x0000000772b487d0,0x0000000772c00000)
  from space 10752K, 99% used [0x0000000773680000,0x00000007740f80b0,0x0000000774100000)
  to   space 10752K, 0% used [0x0000000772c00000,0x0000000772c00000,0x0000000773680000)
 ParOldGen       total 175104K, used 34903K [0x00000006c0400000, 0x00000006caf00000, 0x000000076ac00000)
  object space 175104K, 19% used [0x00000006c0400000,0x00000006c2615e58,0x00000006caf00000)
 Metaspace       used 15664K, capacity 15887K, committed 16128K, reserved 1062912K
  class space    used 1874K, capacity 1964K, committed 2048K, reserved 1048576K
Event: 6.789 GC heap after
Heap after GC invocations=3 (full 0):
 PSYoungGen      total 141824K, used 10736K [0x000000076ac00000, 0x000000077c100000, 0x00000007c0000000)
  eden space 131072K, 0% used [0x000000076ac00000,0x000000076ac00000,0x0000000772c00000)
  from space 10752K, 99% used [0x0000000772c00000,0x000000077367c270,0x0000000773680000)
  to   space 10752K, 0% used [0x000000077b680000,0x000000077b680000,0x000000077c100000)
 ParOldGen       total 175104K, used 58145K [0x00000006c0400000, 0x00000006caf00000, 0x000000076ac00000)
  object space 175104K, 33% used [0x00000006c0400000,0x00000006c3cc85b8,0x00000006caf00000)
 Metaspace       used 15664K, capacity 15887K, committed 16128K, reserved 1062912K
  class space    used 1874K, capacity 1964K, committed 2048K, reserved 1048576K
}
Event: 8.439 GC heap before
{Heap before GC invocations=4 (full 0):
 PSYoungGen      total 141824K, used 141222K [0x000000076ac00000, 0x000000077c100000, 0x00000007c0000000)
  eden space 131072K, 99% used [0x000000076ac00000,0x0000000772b6d8c0,0x0000000772c00000)
  from space 10752K, 99% used [0x0000000772c00000,0x000000077367c270,0x0000000773680000)
  to   space 10752K, 0% used [0x000000077b680000,0x000000077b680000,0x000000077c100000)
 ParOldGen       total 175104K, used 58145K [0x00000006c0400000, 0x00000006caf00000, 0x000000076ac00000)
  object space 175104K, 33% used [0x00000006c0400000,0x00000006c3cc85b8,0x00000006caf00000)
 Metaspace       used 15925K, capacity 16149K, committed 16384K, reserved 1062912K
  class space    used 1895K, capacity 1965K, committed 2048K, reserved 1048576K
Event: 8.454 GC heap after
Heap after GC invocations=4 (full 0):
 PSYoungGen      total 272896K, used 10736K [0x000000076ac00000, 0x000000077c100000, 0x00000007c0000000)
  eden space 262144K, 0% used [0x000000076ac00000,0x000000076ac00000,0x000000077ac00000)
  from space 10752K, 99% used [0x000000077b680000,0x000000077c0fc280,0x000000077c100000)
  to   space 10752K, 0% used [0x000000077ac00000,0x000000077ac00000,0x000000077b680000)
 ParOldGen       total 175104K, used 75206K [0x00000006c0400000, 0x00000006caf00000, 0x000000076ac00000)
  object space 175104K, 42% used [0x00000006c0400000,0x00000006c4d71b60,0x00000006caf00000)
 Metaspace       used 15925K, capacity 16149K, committed 16384K, reserved 1062912K
  class space    used 1895K, capacity 1965K, committed 2048K, reserved 1048576K
}
Event: 11.249 GC heap before
{Heap before GC invocations=5 (full 0):
 PSYoungGen      total 272896K, used 272084K [0x000000076ac00000, 0x000000077c100000, 0x00000007c0000000)
  eden space 262144K, 99% used [0x000000076ac00000,0x000000077ab38e88,0x000000077ac00000)
  from space 10752K, 99% used [0x000000077b680000,0x000000077c0fc280,0x000000077c100000)
  to   space 10752K, 0% used [0x000000077ac00000,0x000000077ac00000,0x000000077b680000)
 ParOldGen       total 175104K, used 75206K [0x00000006c0400000, 0x00000006caf00000, 0x000000076ac00000)
  object space 175104K, 42% used [0x00000006c0400000,0x00000006c4d71b60,0x00000006caf00000)
 Metaspace       used 15951K, capacity 16149K, committed 16384K, reserved 1062912K
  class space    used 1895K, capacity 1965K, committed 2048K, reserved 1048576K
Event: 11.267 GC heap after
Heap after GC invocations=5 (full 0):
 PSYoungGen      total 272896K, used 10736K [0x000000076ac00000, 0x000000078f200000, 0x00000007c0000000)
  eden space 262144K, 0% used [0x000000076ac00000,0x000000076ac00000,0x000000077ac00000)
  from space 10752K, 99% used [0x000000077ac00000,0x000000077b67c220,0x000000077b680000)
  to   space 35840K, 0% used [0x000000078cf00000,0x000000078cf00000,0x000000078f200000)
 ParOldGen       total 175104K, used 92315K [0x00000006c0400000, 0x00000006caf00000, 0x000000076ac00000)
  object space 175104K, 52% used [0x00000006c0400000,0x00000006c5e26c60,0x00000006caf00000)
 Metaspace       used 15951K, capacity 16149K, committed 16384K, reserved 1062912K
  class space    used 1895K, capacity 1965K, committed 2048K, reserved 1048576K
}
Event: 14.112 GC heap before
{Heap before GC invocations=6 (full 0):
 PSYoungGen      total 272896K, used 272662K [0x000000076ac00000, 0x000000078f200000, 0x00000007c0000000)
  eden space 262144K, 99% used [0x000000076ac00000,0x000000077abc9828,0x000000077ac00000)
  from space 10752K, 99% used [0x000000077ac00000,0x000000077b67c220,0x000000077b680000)
  to   space 35840K, 0% used [0x000000078cf00000,0x000000078cf00000,0x000000078f200000)
 ParOldGen       total 175104K, used 92315K [0x00000006c0400000, 0x00000006caf00000, 0x000000076ac00000)
  object space 175104K, 52% used [0x00000006c0400000,0x00000006c5e26c60,0x00000006caf00000)
 Metaspace       used 15959K, capacity 16149K, committed 16384K, reserved 1062912K
  class space    used 1895K, capacity 1965K, committed 2048K, reserved 1048576K
Event: 14.138 GC heap after
Heap after GC invocations=6 (full 0):
 PSYoungGen      total 557568K, used 35488K [0x000000076ac00000, 0x000000078f700000, 0x00000007c0000000)
  eden space 521728K, 0% used [0x000000076ac00000,0x000000076ac00000,0x000000078a980000)
  from space 35840K, 99% used [0x000000078cf00000,0x000000078f1a8270,0x000000078f200000)
  to   space 38400K, 0% used [0x000000078a980000,0x000000078a980000,0x000000078cf00000)
 ParOldGen       total 175104K, used 92323K [0x00000006c0400000, 0x00000006caf00000, 0x000000076ac00000)
  object space 175104K, 52% used [0x00000006c0400000,0x00000006c5e28c60,0x00000006caf00000)
 Metaspace       used 15959K, capacity 16149K, committed 16384K, reserved 1062912K
  class space    used 1895K, capacity 1965K, committed 2048K, reserved 1048576K
}
Event: 25.930 GC heap before
{Heap before GC invocations=7 (full 0):
 PSYoungGen      total 557568K, used 556361K [0x000000076ac00000, 0x000000078f700000, 0x00000007c0000000)
  eden space 521728K, 99% used [0x000000076ac00000,0x000000078a8aa448,0x000000078a980000)
  from space 35840K, 99% used [0x000000078cf00000,0x000000078f1a8270,0x000000078f200000)
  to   space 38400K, 0% used [0x000000078a980000,0x000000078a980000,0x000000078cf00000)
 ParOldGen       total 175104K, used 92323K [0x00000006c0400000, 0x00000006caf00000, 0x000000076ac00000)
  object space 175104K, 52% used [0x00000006c0400000,0x00000006c5e28c60,0x00000006caf00000)
 Metaspace       used 15967K, capacity 16149K, committed 16384K, reserved 1062912K
  class space    used 1895K, capacity 1965K, committed 2048K, reserved 1048576K
Event: 25.967 GC heap after
Heap after GC invocations=7 (full 0):
 PSYoungGen      total 560128K, used 28208K [0x000000076ac00000, 0x00000007af100000, 0x00000007c0000000)
  eden space 521728K, 0% used [0x000000076ac00000,0x000000076ac00000,0x000000078a980000)
  from space 38400K, 73% used [0x000000078a980000,0x000000078c50c1d0,0x000000078cf00000)
  to   space 37888K, 0% used [0x00000007acc00000,0x00000007acc00000,0x00000007af100000)
 ParOldGen       total 175104K, used 100819K [0x00000006c0400000, 0x00000006caf00000, 0x000000076ac00000)
  object space 175104K, 57% used [0x00000006c0400000,0x00000006c6674ce0,0x00000006caf00000)
 Metaspace       used 15967K, capacity 16149K, committed 16384K, reserved 1062912K
  class space    used 1895K, capacity 1965K, committed 2048K, reserved 1048576K
}

